
Showing logs for build [32mcb-kubecd-environment-pr-175-5-sbl6c-1[0m stage [32mfrom-build-pack[0m and container [32mstep-credential-initializer-9vxf4[0m
{"level":"warn","ts":1583470730.6841803,"logger":"fallback-logger","caller":"logging/config.go:69","msg":"Fetch GitHub commit ID from kodata failed: \"ref: refs/heads/0.8.0-**-support-backwards-incompats\" is not a valid GitHub commit ID"}
{"level":"info","ts":1583470730.685726,"logger":"fallback-logger","caller":"creds-init/main.go:40","msg":"Credentials initialized."}

Showing logs for build [32mcb-kubecd-environment-pr-175-5-sbl6c-1[0m stage [32mfrom-build-pack[0m and container [32mstep-working-dir-initializer-gjf7j[0m
{"level":"warn","ts":1583470732.1069458,"logger":"fallback-logger","caller":"logging/config.go:69","msg":"Fetch GitHub commit ID from kodata failed: open /var/run/ko/HEAD: no such file or directory"}
{"level":"info","ts":1583470732.1174371,"logger":"fallback-logger","caller":"bash/main.go:64","msg":"Successfully executed command \"sh -c mkdir -p /workspace/source\"; output "}

Showing logs for build [32mcb-kubecd-environment-pr-175-5-sbl6c-1[0m stage [32mfrom-build-pack[0m and container [32mstep-place-tools[0m

Showing logs for build [32mcb-kubecd-environment-pr-175-5-sbl6c-1[0m stage [32mfrom-build-pack[0m and container [32mstep-git-source-cb-kubecd-environment-pr-175-5-sbl6c-gkrrb[0m
{"level":"warn","ts":1583470736.335569,"logger":"fallback-logger","caller":"logging/config.go:69","msg":"Fetch GitHub commit ID from kodata failed: \"ref: refs/heads/0.8.0-**-support-backwards-incompats\" is not a valid GitHub commit ID"}
{"level":"info","ts":1583470737.4695365,"logger":"fallback-logger","caller":"git/git.go:103","msg":"Successfully cloned https://github.com/cb-kubecd/environment-pr-175-5-boot-gke-staging.git @ master in path /workspace/source"}

Showing logs for build [32mcb-kubecd-environment-pr-175-5-sbl6c-1[0m stage [32mfrom-build-pack[0m and container [32mstep-git-merge[0m
Using SHAs from PULL_REFS=master:d7b3b7b724c742b8f6cfd9bb15f4116808ad84f8,2:dfe422e399eec2d573f8b6b4fc446f046617a1ec
DEBUG: LC_ALL=C JX_LOG_LEVEL=error git fetch origin --unshallow dfe422e399eec2d573f8b6b4fc446f046617a1ec: d7b3b7b724c742b8f6cfd9bb15f4116808ad84f8:
DEBUG: ran git fetch --unshallow origin dfe422e399eec2d573f8b6b4fc446f046617a1ec: d7b3b7b724c742b8f6cfd9bb15f4116808ad84f8: in 
DEBUG: JX_LOG_LEVEL=error LC_ALL=C git branch
DEBUG: LC_ALL=C JX_LOG_LEVEL=error git checkout master
DEBUG: ran git checkout master in 
DEBUG: JX_LOG_LEVEL=error LC_ALL=C git reset --hard d7b3b7b724c742b8f6cfd9bb15f4116808ad84f8
DEBUG: ran git reset --hard d7b3b7b724c742b8f6cfd9bb15f4116808ad84f8 in 
DEBUG: LC_ALL=C JX_LOG_LEVEL=error git clean -fd .
DEBUG: ran clean --force -d . in 
DEBUG: JX_LOG_LEVEL=error LC_ALL=C git merge dfe422e399eec2d573f8b6b4fc446f046617a1ec
DEBUG: ran git merge dfe422e399eec2d573f8b6b4fc446f046617a1ec in 
DEBUG: LC_ALL=C JX_LOG_LEVEL=error git log --format=%H%x1f%an%x1f%ae%x1f%cn%x1f%ce%x1f%s%n%b%x1e d7b3b7b724c742b8f6cfd9bb15f4116808ad84f8..HEAD
Merged SHA dfe422e399eec2d573f8b6b4fc446f046617a1ec with commit message 'chore: Promote bdd-gh-1583470437 to version 0.0.1' into base branch master

Showing logs for build [32mcb-kubecd-environment-pr-175-5-sbl6c-1[0m stage [32mfrom-build-pack[0m and container [32mstep-build-helm-build[0m
WARNING: No $CHART_REPOSITORY defined so using the default value of: http://jenkins-x-chartmuseum:8080
Adding missing Helm repo: storage.googleapis.com https://storage.googleapis.com/chartmuseum.jenkins-x.io
WARNING: No secrets found on "helm/repos" due: reading the secret "helm/repos" from vault: no secret "helm/repos" not found in vault
Read credentials for https://storage.googleapis.com/chartmuseum.jenkins-x.io from vault helm/repos
Successfully added Helm repository storage.googleapis.com.
Adding missing Helm repo: jenkins-x-chartmuseum http://jenkins-x-chartmuseum:8080
WARNING: No secrets found on "helm/repos" due: reading the secret "helm/repos" from vault: no secret "helm/repos" not found in vault
Read credentials for http://jenkins-x-chartmuseum:8080 from vault helm/repos
Successfully added Helm repository jenkins-x-chartmuseum.
WARNING: No $CHART_REPOSITORY defined so using the default value of: http://jenkins-x-chartmuseum:8080
Adding missing Helm repo: chartmuseum.jenkins-x.io http://chartmuseum.jenkins-x.io
WARNING: No secrets found on "helm/repos" due: reading the secret "helm/repos" from vault: no secret "helm/repos" not found in vault
Read credentials for http://chartmuseum.jenkins-x.io from vault helm/repos
Successfully added Helm repository chartmuseum.jenkins-x.io.
