
Showing logs for build [32mcb-kubecd-environment-pr-175-5-g9m5p-1[0m stage [32mfrom-build-pack[0m and container [32mstep-credential-initializer-58lxr[0m
{"level":"warn","ts":1583471462.8580346,"logger":"fallback-logger","caller":"logging/config.go:69","msg":"Fetch GitHub commit ID from kodata failed: \"ref: refs/heads/0.8.0-**-support-backwards-incompats\" is not a valid GitHub commit ID"}
{"level":"info","ts":1583471462.8587172,"logger":"fallback-logger","caller":"creds-init/main.go:40","msg":"Credentials initialized."}

Showing logs for build [32mcb-kubecd-environment-pr-175-5-g9m5p-1[0m stage [32mfrom-build-pack[0m and container [32mstep-working-dir-initializer-brs84[0m
{"level":"warn","ts":1583471463.8231459,"logger":"fallback-logger","caller":"logging/config.go:69","msg":"Fetch GitHub commit ID from kodata failed: open /var/run/ko/HEAD: no such file or directory"}
{"level":"info","ts":1583471463.824465,"logger":"fallback-logger","caller":"bash/main.go:64","msg":"Successfully executed command \"sh -c mkdir -p /workspace/source\"; output "}

Showing logs for build [32mcb-kubecd-environment-pr-175-5-g9m5p-1[0m stage [32mfrom-build-pack[0m and container [32mstep-place-tools[0m

Showing logs for build [32mcb-kubecd-environment-pr-175-5-g9m5p-1[0m stage [32mfrom-build-pack[0m and container [32mstep-git-source-cb-kubecd-environment-pr-175-5-g9m5p-jtmqp[0m
{"level":"warn","ts":1583471469.0318613,"logger":"fallback-logger","caller":"logging/config.go:69","msg":"Fetch GitHub commit ID from kodata failed: \"ref: refs/heads/0.8.0-**-support-backwards-incompats\" is not a valid GitHub commit ID"}
{"level":"info","ts":1583471470.0918677,"logger":"fallback-logger","caller":"git/git.go:103","msg":"Successfully cloned https://github.com/cb-kubecd/environment-pr-175-5-boot-gke-staging.git @ master in path /workspace/source"}

Showing logs for build [32mcb-kubecd-environment-pr-175-5-g9m5p-1[0m stage [32mfrom-build-pack[0m and container [32mstep-git-merge[0m
Using SHAs from PULL_REFS=master:3656d75c84cd6c7526ed1bec275755066a6a1569,3:cb58443ed055440e18d9b7f72d6ae95207830a9c
DEBUG: JX_LOG_LEVEL=error LC_ALL=C git fetch origin --unshallow cb58443ed055440e18d9b7f72d6ae95207830a9c: 3656d75c84cd6c7526ed1bec275755066a6a1569:
DEBUG: ran git fetch --unshallow origin cb58443ed055440e18d9b7f72d6ae95207830a9c: 3656d75c84cd6c7526ed1bec275755066a6a1569: in 
DEBUG: LC_ALL=C JX_LOG_LEVEL=error git branch
DEBUG: LC_ALL=C JX_LOG_LEVEL=error git checkout master
DEBUG: ran git checkout master in 
DEBUG: LC_ALL=C JX_LOG_LEVEL=error git reset --hard 3656d75c84cd6c7526ed1bec275755066a6a1569
DEBUG: ran git reset --hard 3656d75c84cd6c7526ed1bec275755066a6a1569 in 
DEBUG: LC_ALL=C JX_LOG_LEVEL=error git clean -fd .
DEBUG: ran clean --force -d . in 
DEBUG: LC_ALL=C JX_LOG_LEVEL=error git merge cb58443ed055440e18d9b7f72d6ae95207830a9c
DEBUG: ran git merge cb58443ed055440e18d9b7f72d6ae95207830a9c in 
DEBUG: LC_ALL=C JX_LOG_LEVEL=error git log --format=%H%x1f%an%x1f%ae%x1f%cn%x1f%ce%x1f%s%n%b%x1e 3656d75c84cd6c7526ed1bec275755066a6a1569..HEAD
Merged SHA cb58443ed055440e18d9b7f72d6ae95207830a9c with commit message 'chore: Promote bdd-sbhg-1583470437 to version 0.0.1' into base branch master

Showing logs for build [32mcb-kubecd-environment-pr-175-5-g9m5p-1[0m stage [32mfrom-build-pack[0m and container [32mstep-build-helm-build[0m
WARNING: No $CHART_REPOSITORY defined so using the default value of: http://jenkins-x-chartmuseum:8080
Adding missing Helm repo: storage.googleapis.com https://storage.googleapis.com/chartmuseum.jenkins-x.io
WARNING: No secrets found on "helm/repos" due: reading the secret "helm/repos" from vault: no secret "helm/repos" not found in vault
Read credentials for https://storage.googleapis.com/chartmuseum.jenkins-x.io from vault helm/repos
Successfully added Helm repository storage.googleapis.com.
Adding missing Helm repo: jenkins-x-chartmuseum http://jenkins-x-chartmuseum:8080
WARNING: No secrets found on "helm/repos" due: reading the secret "helm/repos" from vault: no secret "helm/repos" not found in vault
Read credentials for http://jenkins-x-chartmuseum:8080 from vault helm/repos
Successfully added Helm repository jenkins-x-chartmuseum.
WARNING: No $CHART_REPOSITORY defined so using the default value of: http://jenkins-x-chartmuseum:8080
Adding missing Helm repo: chartmuseum.jenkins-x.io http://chartmuseum.jenkins-x.io
WARNING: No secrets found on "helm/repos" due: reading the secret "helm/repos" from vault: no secret "helm/repos" not found in vault
Read credentials for http://chartmuseum.jenkins-x.io from vault helm/repos
Successfully added Helm repository chartmuseum.jenkins-x.io.
